<?xml version="1.0" encoding="UTF-8"?>
<testng-results ignored="0" total="1" passed="1" failed="0" skipped="0">
  <reporter-output>
  </reporter-output>
  <suite started-at="2024-08-22T03:29:13 PDT" name="Default suite" finished-at="2024-08-22T03:29:22 PDT" duration-ms="9099">
    <groups>
    </groups>
    <test started-at="2024-08-22T03:29:13 PDT" name="Default test" finished-at="2024-08-22T03:29:22 PDT" duration-ms="9099">
      <class name="HandlingAlert.AlertPopup2">
        <test-method is-config="true" signature="setup()[pri:0, instance:HandlingAlert.AlertPopup2@e350b40]" started-at="2024-08-22T03:29:13 PDT" name="setup" finished-at="2024-08-22T03:29:15 PDT" duration-ms="1927" status="PASS">
          <reporter-output>
          </reporter-output>
        </test-method> <!-- setup -->
        <test-method signature="example()[pri:0, instance:HandlingAlert.AlertPopup2@e350b40]" started-at="2024-08-22T03:29:15 PDT" name="example" finished-at="2024-08-22T03:29:22 PDT" duration-ms="7109" status="PASS">
          <reporter-output>
          </reporter-output>
        </test-method> <!-- example -->
      </class> <!-- HandlingAlert.AlertPopup2 -->
    </test> <!-- Default test -->
  </suite> <!-- Default suite -->
</testng-results>
